<?xml version="1.0" encoding="UTF-8"?>
<!-- Generated by org.testng.reporters.JUnitXMLReporter -->
<testsuite ignored="0" hostname="ANITHA" failures="0" tests="2" name="Test-1" time="16.412" errors="0" timestamp="2025-01-21T16:41:11 IST">
  <testcase classname="com.comcast.crm.CreateContactswithBaseClass.CreateContactTest" name="CreateContactTest" time="4.783"/>
  <testcase classname="com.comcast.crm.CreateContactswithBaseClass.CreateContactTest" name="CreateContactwithsupportdatetest" time="3.858"/>
</testsuite> <!-- Test-1 -->
