<?xml version="1.0" encoding="UTF-8"?>
<!-- Generated by org.testng.reporters.JUnitXMLReporter -->
<testsuite ignored="0" hostname="ANITHA" failures="0" tests="1" name="Test-2" time="10.425" errors="0" timestamp="2025-01-21T16:41:05 IST">
  <testcase classname="com.comcast.crm.CreateContactswithorgTestBaseclass.CreateContactWithOrgTest" name="createorg" time="4.67"/>
</testsuite> <!-- Test-2 -->
