<?xml version="1.0" encoding="UTF-8"?>
<!-- Generated by org.testng.reporters.JUnitReportReporter -->
<testsuite hostname="ANITHA" failures="0" tests="4" name="com.comcast.crm.CreateContactswithBaseClass.CreateContactTest" time="28.461" errors="0" timestamp="2025-01-21T16:49:16 IST" skipped="0">
  <testcase classname="com.comcast.crm.CreateContactswithBaseClass.CreateContactTest" name="CreateContactwithsupportdatetest" time="7.343"/>
  <testcase classname="com.comcast.crm.CreateContactswithBaseClass.CreateContactTest" name="CreateContactTest" time="6.815"/>
  <testcase classname="com.comcast.crm.CreateContactswithBaseClass.CreateContactTest" name="CreateContactTest" time="7.724"/>
  <testcase classname="com.comcast.crm.CreateContactswithBaseClass.CreateContactTest" name="CreateContactwithsupportdatetest" time="6.579"/>
</testsuite> <!-- com.comcast.crm.CreateContactswithBaseClass.CreateContactTest -->
