<?xml version="1.0" encoding="UTF-8"?>
<!-- Generated by org.testng.reporters.JUnitReportReporter -->
<testsuite hostname="ANITHA" failures="0" tests="1" name="Practice.Pom.Repository.SampleTestwithPom" time="3.116" errors="0" timestamp="2025-01-16T13:35:50 IST" skipped="0">
  <testcase classname="Practice.Pom.Repository.SampleTestwithPom" name="SampleTest" time="3.116"/>
  <system-out/>
</testsuite> <!-- Practice.Pom.Repository.SampleTestwithPom -->
