<?xml version="1.0" encoding="UTF-8"?>
<!-- Generated by org.testng.reporters.JUnitReportReporter -->
<testsuite hostname="ANITHA" failures="0" tests="1" name="ExtententReports.SampleReports" time="0.451" errors="0" timestamp="2025-01-24T18:30:27 IST" skipped="0">
  <testcase classname="ExtententReports.SampleReports" name="createcontactTest" time="0.451"/>
</testsuite> <!-- ExtententReports.SampleReports -->
