<?xml version="1.0" encoding="UTF-8"?>
<!-- Generated by org.testng.reporters.JUnitReportReporter -->
<testsuite hostname="ANITHA" failures="0" tests="2" name="com.comcast.crm.contacttest.CreateContactTest" time="12.600" errors="0" timestamp="2025-01-21T15:34:16 IST" skipped="0">
  <testcase classname="com.comcast.crm.contacttest.CreateContactTest" name="CreateContactwithsupportdatetest" time="6.749"/>
  <testcase classname="com.comcast.crm.contacttest.CreateContactTest" name="CreateContactTest" time="5.851"/>
</testsuite> <!-- com.comcast.crm.contacttest.CreateContactTest -->
