<?xml version="1.0" encoding="UTF-8"?>
<!-- Generated by org.testng.reporters.JUnitReportReporter -->
<testsuite hostname="ANITHA" failures="0" tests="3" name="ExtententReports.SampleReports1" time="0.241" errors="0" timestamp="2025-01-25T10:04:35 IST" skipped="0">
  <testcase classname="ExtententReports.SampleReports1" name="createcontactwithPhoneNumber" time="0.003"/>
  <testcase classname="ExtententReports.SampleReports1" name="createcontactwithorg" time="0.003"/>
  <testcase classname="ExtententReports.SampleReports1" name="createcontactTest" time="0.235"/>
</testsuite> <!-- ExtententReports.SampleReports1 -->
